<?xml version="1.0" encoding="UTF-8"?>
<!-- Generated by org.testng.reporters.JUnitReportReporter -->
<testsuite hostname="Shihab" name="variousConcetps.LoginTest" tests="3" failures="0" timestamp="22 Jul 2023 16:59:47 GMT" time="12.046" errors="0">
  <testcase name="loginTest" time="3.714" classname="variousConcetps.LoginTest"/>
  <testcase name="loginTest" time="5.922" classname="variousConcetps.LoginTest"/>
  <testcase name="loginTest" time="2.410" classname="variousConcetps.LoginTest"/>
</testsuite> <!-- variousConcetps.LoginTest -->
